<?xml version="1.0" encoding="UTF-8" ?>
<testsuite failures="0" time="0.001" errors="0" skipped="0" tests="2" name="com.etala.tr.DistributedFileProcessor.Output.DataLoadDistributorTest">
  <properties>
[...]
</properties>
  <testcase time="0.001" classname="com.etala.tr.DistributedFileProcessor.Output.DataLoadDistributorTest" name="testdistributeFileLoad"/>
  <testcase time="0" classname="com.etala.tr.DistributedFileProcessor.Output.DataLoadDistributorTest" name="testGetUncompressedTotalSize"/>
</testsuite>